This is pdfTeX, Version 3.1415926-2.5-1.40.14 (TeX Live 2013) (format=latex 2013.5.30)  18 MAR 2015 20:58
entering extended mode
 restricted \write18 enabled.
 %&-line parsing enabled.
**\AtBeginDocument{\RequirePackage{pslatex}} \def\PSLATEXTMP{\futurelet\PSLATEX
TMP\PSLATEXTMPB} \def\PSLATEXTMPB{\ifx\PSLATEXTMP\nonstopmode\else\input\fi} \P
SLATEXTMP

*
! Emergency stop.
<*> ...XTMP\nonstopmode\else\input\fi} \PSLATEXTMP
                                                  
End of file on the terminal!

 
Here is how much of TeX's memory you used:
 4 strings out of 493316
 115 string characters out of 6137930
 52155 words of memory out of 5000000
 3559 multiletter control sequences out of 15000+600000
 3640 words of font info for 14 fonts, out of 8000000 for 9000
 957 hyphenation exceptions out of 8191
 4i,0n,2p,1b,8s stack positions out of 5000i,500n,10000p,200000b,80000s
No pages of output.
